[debug] [2021-05-24T06:31:17.511Z] ----------------------------------------------------------------------
[debug] [2021-05-24T06:31:17.513Z] Command:       C:\Program Files\nodejs\node.exe C:\Users\aishu\AppData\Roaming\npm\node_modules\firebase-tools\lib\bin\firebase.js init
[debug] [2021-05-24T06:31:17.514Z] CLI Version:   9.8.0
[debug] [2021-05-24T06:31:17.514Z] Platform:      win32
[debug] [2021-05-24T06:31:17.514Z] Node Version:  v14.16.0
[debug] [2021-05-24T06:31:17.584Z] Time:          Mon May 24 2021 12:01:17 GMT+0530 (India Standard Time)
[debug] [2021-05-24T06:31:17.585Z] ----------------------------------------------------------------------
[debug] 
[debug] [2021-05-24T06:31:17.614Z] >>> [apiv2][query] GET https://firebase-public.firebaseio.com/cli.json [none]
[debug] [2021-05-24T06:31:17.701Z] > command requires scopes: ["email","openid","https://www.googleapis.com/auth/cloudplatformprojects.readonly","https://www.googleapis.com/auth/firebase","https://www.googleapis.com/auth/cloud-platform"]
[debug] [2021-05-24T06:31:17.702Z] > authorizing via signed-in user
[info] 
     ######## #### ########  ######## ########     ###     ######  ########
     ##        ##  ##     ## ##       ##     ##  ##   ##  ##       ##
     ######    ##  ########  ######   ########  #########  ######  ######
     ##        ##  ##    ##  ##       ##     ## ##     ##       ## ##
     ##       #### ##     ## ######## ########  ##     ##  ######  ########

You're about to initialize a Firebase project in this directory:

  C:\Users\aishu\Desktop\AISHWARYA\TYCO\whatsapp-clone-2

[info] 
=== Project Setup
[info] 
[info] First, let's associate this project directory with a Firebase project.
[info] You can create multiple project aliases by running firebase use --add, 
[info] but for now we'll just set up a default project.
[info] 
[debug] [2021-05-24T06:33:37.602Z] > refreshing access token with scopes: []
[debug] [2021-05-24T06:33:37.603Z] >>> HTTP REQUEST POST https://www.googleapis.com/oauth2/v3/token  
 <request body omitted>
[debug] [2021-05-24T06:33:37.625Z] Authentication Error: Your credentials are no longer valid. Please run firebase login --reauth

For CI servers and headless environments, generate a new token with firebase login:ci
[debug] [2021-05-24T06:33:37.632Z] FirebaseError: Authentication Error: Your credentials are no longer valid. Please run firebase login --reauth

For CI servers and headless environments, generate a new token with firebase login:ci
    at invalidCredentialError (C:\Users\aishu\AppData\Roaming\npm\node_modules\firebase-tools\lib\auth.js:26:12)
    at refreshTokens (C:\Users\aishu\AppData\Roaming\npm\node_modules\firebase-tools\lib\auth.js:297:15)
    at processTicksAndRejections (internal/process/task_queues.js:93:5)
    at async Client.getAccessToken (C:\Users\aishu\AppData\Roaming\npm\node_modules\firebase-tools\lib\apiv2.js:144:23)
    at async Client.addAuthHeader (C:\Users\aishu\AppData\Roaming\npm\node_modules\firebase-tools\lib\apiv2.js:135:21)
    at async Client.request (C:\Users\aishu\AppData\Roaming\npm\node_modules\firebase-tools\lib\apiv2.js:93:34)
    at async getProjectPage (C:\Users\aishu\AppData\Roaming\npm\node_modules\firebase-tools\lib\management\projects.js:232:17)
    at async getFirebaseProjectPage (C:\Users\aishu\AppData\Roaming\npm\node_modules\firebase-tools\lib\management\projects.js:249:23)
    at async selectProjectInteractively (C:\Users\aishu\AppData\Roaming\npm\node_modules\firebase-tools\lib\management\projects.js:95:41)
    at async Object.doSetup [as project] (C:\Users\aishu\AppData\Roaming\npm\node_modules\firebase-tools\lib\init\features\project.js:87:27)
    at async init (C:\Users\aishu\AppData\Roaming\npm\node_modules\firebase-tools\lib\init\index.js:19:9)
[error] 
[error] Error: Failed to list Firebase projects. See firebase-debug.log for more info.
